{
  "RSpec": {
    "coverage": {
      "/Users/Katherine/github/spectra/config/environment.rb": [
        null,
        1,
        null,
        null,
        1
      ],
      "/Users/Katherine/github/spectra/config/application.rb": [
        1,
        null,
        1,
        null,
        null,
        null,
        1,
        null,
        1,
        1,
        null,
        null,
        null,
        null,
        null,
        null,
        null,
        null,
        null,
        null,
        null,
        null,
        null
      ],
      "/Users/Katherine/github/spectra/config/boot.rb": [
        null,
        1,
        null,
        1
      ],
      "/Users/Katherine/github/spectra/config/environments/test.rb": [
        1,
        null,
        null,
        null,
        null,
        null,
        null,
        1,
        null,
        null,
        null,
        null,
        1,
        null,
        null,
        1,
        1,
        null,
        null,
        1,
        1,
        null,
        null,
        1,
        null,
        null,
        1,
        null,
        null,
        null,
        null,
        1,
        null,
        null,
        1,
        null,
        null,
        null,
        null
      ],
      "/Users/Katherine/github/spectra/config/initializers/backtrace_silencers.rb": [
        null,
        null,
        null,
        null,
        null,
        null,
        null
      ],
      "/Users/Katherine/github/spectra/config/initializers/cookies_serializer.rb": [
        null,
        null,
        1
      ],
      "/Users/Katherine/github/spectra/config/initializers/filter_parameter_logging.rb": [
        null,
        null,
        null,
        1
      ],
      "/Users/Katherine/github/spectra/config/initializers/inflections.rb": [
        null,
        null,
        null,
        null,
        null,
        null,
        null,
        null,
        null,
        null,
        null,
        null,
        null,
        null,
        null,
        null
      ],
      "/Users/Katherine/github/spectra/config/initializers/mime_types.rb": [
        null,
        null,
        null,
        null
      ],
      "/Users/Katherine/github/spectra/config/initializers/session_store.rb": [
        null,
        null,
        1
      ],
      "/Users/Katherine/github/spectra/config/initializers/wrap_parameters.rb": [
        null,
        null,
        null,
        null,
        null,
        null,
        1,
        1,
        null,
        null,
        null,
        null,
        null,
        null
      ],
      "/Users/Katherine/github/spectra/config/routes.rb": [
        1,
        1,
        1,
        1,
        null,
        1,
        null,
        1,
        null,
        1,
        null,
        null,
        null,
        null,
        null,
        null,
        null,
        null,
        null,
        null,
        null,
        null,
        null,
        null,
        null,
        null,
        null,
        null,
        null,
        null,
        null,
        null,
        null,
        null,
        null,
        null,
        null,
        null,
        null,
        null,
        null,
        null,
        null,
        null,
        null,
        null,
        null,
        null,
        null,
        null,
        null,
        null,
        null,
        null,
        null,
        null,
        null,
        null,
        null,
        null,
        null,
        null,
        null,
        null,
        null,
        null
      ],
      "/Users/Katherine/github/spectra/app/helpers/albums_helper.rb": [
        1,
        null
      ],
      "/Users/Katherine/github/spectra/app/helpers/application_helper.rb": [
        1,
        null
      ],
      "/Users/Katherine/github/spectra/app/helpers/artists_helper.rb": [
        1,
        null
      ],
      "/Users/Katherine/github/spectra/app/helpers/tracks_helper.rb": [
        1,
        null
      ],
      "/Users/Katherine/github/spectra/app/helpers/welcome_helper.rb": [
        1,
        null
      ],
      "/Users/Katherine/github/spectra/app/models/track.rb": [
        1,
        1,
        1,
        null,
        null,
        null,
        1,
        null,
        null,
        null,
        1,
        null,
        null,
        null,
        null,
        1,
        null,
        null,
        1,
        null,
        null,
        1,
        null,
        null,
        null,
        null,
        null,
        null,
        1,
        null
      ],
      "/Users/Katherine/github/spectra/app/models/artist.rb": [
        1,
        1,
        1,
        null,
        null,
        1,
        null,
        null,
        1,
        null,
        null,
        1,
        null,
        null,
        null
      ],
      "/Users/Katherine/github/spectra/app/models/album.rb": [
        1,
        null,
        1,
        null,
        null,
        1,
        null,
        null,
        1,
        null,
        null,
        1,
        null,
        null,
        1,
        null,
        null,
        1,
        null,
        null,
        1,
        null,
        null,
        null,
        null,
        1,
        null,
        null,
        null,
        null
      ]
    },
    "timestamp": 1401373672
  }
}
